c:\users\jsb\desktop\지능 뚝딲\omg_tank\debug\omg_tank.pch
c:\users\jsb\desktop\지능 뚝딲\omg_tank\debug\vc141.pdb
c:\users\jsb\desktop\지능 뚝딲\omg_tank\debug\vc141.idb
c:\users\jsb\desktop\지능 뚝딲\omg_tank\debug\dxut.obj
c:\users\jsb\desktop\지능 뚝딲\omg_tank\debug\omg_tank.obj
c:\users\jsb\desktop\지능 뚝딲\omg_tank\debug\sdkmisc.obj
c:\users\jsb\desktop\지능 뚝딲\omg_tank\debug\sdkmesh.obj
c:\users\jsb\desktop\지능 뚝딲\omg_tank\debug\dxutsettingsdlg.obj
c:\users\jsb\desktop\지능 뚝딲\omg_tank\debug\dxutres.obj
c:\users\jsb\desktop\지능 뚝딲\omg_tank\debug\dxutgui.obj
c:\users\jsb\desktop\지능 뚝딲\omg_tank\debug\dxutcamera.obj
c:\users\jsb\desktop\지능 뚝딲\omg_tank\debug\dxutmisc.obj
c:\users\jsb\desktop\지능 뚝딲\omg_tank\debug\dxutenum.obj
c:\users\jsb\desktop\지능 뚝딲\omg_tank\debug\game.obj
c:\users\jsb\desktop\지능 뚝딲\omg_tank\debug\ctexture.obj
c:\users\jsb\desktop\지능 뚝딲\omg_tank\debug\cmatrix.obj
c:\users\jsb\desktop\지능 뚝딲\omg_tank\debug\assetmanager.obj
c:\users\jsb\desktop\지능 뚝딲\omg_tank\debug\ctitlescene.obj
c:\users\jsb\desktop\지능 뚝딲\omg_tank\debug\ctile.obj
c:\users\jsb\desktop\지능 뚝딲\omg_tank\debug\cscene.obj
c:\users\jsb\desktop\지능 뚝딲\omg_tank\debug\cmap.obj
c:\users\jsb\desktop\지능 뚝딲\omg_tank\debug\cgamescene.obj
c:\users\jsb\desktop\지능 뚝딲\omg_tank\debug\cendingscene.obj
c:\users\jsb\desktop\지능 뚝딲\omg_tank\debug\ccamera.obj
c:\users\jsb\desktop\지능 뚝딲\omg_tank\debug\cplayer.obj
c:\users\jsb\desktop\지능 뚝딲\omg_tank\debug\cbullet.obj
c:\users\jsb\desktop\지능 뚝딲\omg_tank\debug\cenemy.obj
c:\users\jsb\desktop\지능 뚝딲\omg_tank\debug\cobject.obj
c:\users\jsb\desktop\지능 뚝딲\omg_tank\debug\citem.obj
c:\users\jsb\desktop\지능 뚝딲\omg_tank\debug\ceffect.obj
c:\users\jsb\desktop\지능 뚝딲\omg_tank\debug\omg_tank.exe
c:\users\jsb\desktop\지능 뚝딲\omg_tank\debug\omg_tank.ilk
c:\users\jsb\desktop\지능 뚝딲\omg_tank\debug\omg_tank.pdb
c:\users\jsb\desktop\지능 뚝딲\omg_tank\debug\omg_tank.res
c:\users\user\desktop\omg_tank\debug\assetmanager.obj
c:\users\user\desktop\omg_tank\debug\cbullet.obj
c:\users\user\desktop\omg_tank\debug\ccamera.obj
c:\users\user\desktop\omg_tank\debug\ceffect.obj
c:\users\user\desktop\omg_tank\debug\cendingscene.obj
c:\users\user\desktop\omg_tank\debug\cenemy.obj
c:\users\user\desktop\omg_tank\debug\cgamescene.obj
c:\users\user\desktop\omg_tank\debug\citem.obj
c:\users\user\desktop\omg_tank\debug\cmap.obj
c:\users\user\desktop\omg_tank\debug\cmatrix.obj
c:\users\user\desktop\omg_tank\debug\cobject.obj
c:\users\user\desktop\omg_tank\debug\cplayer.obj
c:\users\user\desktop\omg_tank\debug\cscene.obj
c:\users\user\desktop\omg_tank\debug\ctexture.obj
c:\users\user\desktop\omg_tank\debug\ctile.obj
c:\users\user\desktop\omg_tank\debug\ctitlescene.obj
c:\users\user\desktop\omg_tank\debug\dxut.obj
c:\users\user\desktop\omg_tank\debug\dxutcamera.obj
c:\users\user\desktop\omg_tank\debug\dxutenum.obj
c:\users\user\desktop\omg_tank\debug\dxutgui.obj
c:\users\user\desktop\omg_tank\debug\dxutmisc.obj
c:\users\user\desktop\omg_tank\debug\dxutres.obj
c:\users\user\desktop\omg_tank\debug\dxutsettingsdlg.obj
c:\users\user\desktop\omg_tank\debug\game.obj
c:\users\user\desktop\omg_tank\debug\omg_tank.obj
c:\users\user\desktop\omg_tank\debug\sdkmesh.obj
c:\users\user\desktop\omg_tank\debug\sdkmisc.obj
c:\users\user\desktop\omg_tank\debug\omg_tank.ilk
c:\users\user\desktop\omg_tank\debug\omg_tank.res
c:\users\user\desktop\omg_tank\debug\omg_tank.pch
c:\users\user\desktop\omg_tank\debug\vc141.idb
c:\users\user\desktop\omg_tank\debug\omg_tank.pdb
c:\users\user\desktop\omg_tank\debug\vc141.pdb
c:\users\user\desktop\omg_tank\debug\omg_tank.exe
c:\users\user\desktop\omg_tank\debug\omg_tank.tlog\cl.command.1.tlog
c:\users\user\desktop\omg_tank\debug\omg_tank.tlog\cl.read.1.tlog
c:\users\user\desktop\omg_tank\debug\omg_tank.tlog\cl.write.1.tlog
c:\users\user\desktop\omg_tank\debug\omg_tank.tlog\link.command.1.tlog
c:\users\user\desktop\omg_tank\debug\omg_tank.tlog\link.read.1.tlog
c:\users\user\desktop\omg_tank\debug\omg_tank.tlog\link.write.1.tlog
c:\users\user\desktop\omg_tank\debug\omg_tank.tlog\rc.command.1.tlog
c:\users\user\desktop\omg_tank\debug\omg_tank.tlog\rc.read.1.tlog
c:\users\user\desktop\omg_tank\debug\omg_tank.tlog\rc.write.1.tlog
