c:\users\lhw\downloads\세명컴퓨터고등학교 기능반\2019.03.10_기능경기대회(지방)_준비\release\pt.pch
c:\users\lhw\downloads\세명컴퓨터고등학교 기능반\2019.03.10_기능경기대회(지방)_준비\release\vc141.pdb
c:\users\lhw\downloads\세명컴퓨터고등학교 기능반\2019.03.10_기능경기대회(지방)_준비\release\dxut.obj
c:\users\lhw\downloads\세명컴퓨터고등학교 기능반\2019.03.10_기능경기대회(지방)_준비\release\titlescene.obj
c:\users\lhw\downloads\세명컴퓨터고등학교 기능반\2019.03.10_기능경기대회(지방)_준비\release\texture.obj
c:\users\lhw\downloads\세명컴퓨터고등학교 기능반\2019.03.10_기능경기대회(지방)_준비\release\scene.obj
c:\users\lhw\downloads\세명컴퓨터고등학교 기능반\2019.03.10_기능경기대회(지방)_준비\release\main.obj
c:\users\lhw\downloads\세명컴퓨터고등학교 기능반\2019.03.10_기능경기대회(지방)_준비\release\matrix.obj
c:\users\lhw\downloads\세명컴퓨터고등학교 기능반\2019.03.10_기능경기대회(지방)_준비\release\map.obj
c:\users\lhw\downloads\세명컴퓨터고등학교 기능반\2019.03.10_기능경기대회(지방)_준비\release\gamescene.obj
c:\users\lhw\downloads\세명컴퓨터고등학교 기능반\2019.03.10_기능경기대회(지방)_준비\release\endingscene.obj
c:\users\lhw\downloads\세명컴퓨터고등학교 기능반\2019.03.10_기능경기대회(지방)_준비\release\sdkmisc.obj
c:\users\lhw\downloads\세명컴퓨터고등학교 기능반\2019.03.10_기능경기대회(지방)_준비\release\sdkmesh.obj
c:\users\lhw\downloads\세명컴퓨터고등학교 기능반\2019.03.10_기능경기대회(지방)_준비\release\dxutsettingsdlg.obj
c:\users\lhw\downloads\세명컴퓨터고등학교 기능반\2019.03.10_기능경기대회(지방)_준비\release\dxutres.obj
c:\users\lhw\downloads\세명컴퓨터고등학교 기능반\2019.03.10_기능경기대회(지방)_준비\release\dxutgui.obj
c:\users\lhw\downloads\세명컴퓨터고등학교 기능반\2019.03.10_기능경기대회(지방)_준비\release\dxutcamera.obj
c:\users\lhw\downloads\세명컴퓨터고등학교 기능반\2019.03.10_기능경기대회(지방)_준비\release\dxutmisc.obj
c:\users\lhw\downloads\세명컴퓨터고등학교 기능반\2019.03.10_기능경기대회(지방)_준비\release\dxutenum.obj
c:\users\lhw\downloads\세명컴퓨터고등학교 기능반\2019.03.10_기능경기대회(지방)_준비\release\assetmanager.obj
c:\users\lhw\downloads\세명컴퓨터고등학교 기능반\2019.03.10_기능경기대회(지방)_준비\release\game.obj
c:\users\lhw\downloads\세명컴퓨터고등학교 기능반\2019.03.10_기능경기대회(지방)_준비\release\camera.obj
c:\users\lhw\downloads\세명컴퓨터고등학교 기능반\2019.03.10_기능경기대회(지방)_준비\release\tile.obj
c:\users\lhw\downloads\세명컴퓨터고등학교 기능반\2019.03.10_기능경기대회(지방)_준비\release\pt.exe
c:\users\lhw\downloads\세명컴퓨터고등학교 기능반\2019.03.10_기능경기대회(지방)_준비\release\pt.pdb
c:\users\lhw\downloads\세명컴퓨터고등학교 기능반\2019.03.10_기능경기대회(지방)_준비\release\pt.res
c:\users\lhw\downloads\세명컴퓨터고등학교 기능반\2019.03.10_기능경기대회(지방)_준비\release\boss.obj
c:\users\lhw\downloads\세명컴퓨터고등학교 기능반\2019.03.10_기능경기대회(지방)_준비\release\bullet.obj
c:\users\lhw\downloads\세명컴퓨터고등학교 기능반\2019.03.10_기능경기대회(지방)_준비\release\effect.obj
c:\users\lhw\downloads\세명컴퓨터고등학교 기능반\2019.03.10_기능경기대회(지방)_준비\release\enemy.obj
c:\users\lhw\downloads\세명컴퓨터고등학교 기능반\2019.03.10_기능경기대회(지방)_준비\release\player.obj
c:\users\lhw\downloads\세명컴퓨터고등학교 기능반\2019.03.10_기능경기대회(지방)_준비\release\pt.obj
c:\users\lhw\downloads\세명컴퓨터고등학교 기능반\2019.03.10_기능경기대회(지방)_준비\release\pt.tlog\cl.command.1.tlog
c:\users\lhw\downloads\세명컴퓨터고등학교 기능반\2019.03.10_기능경기대회(지방)_준비\release\pt.tlog\cl.read.1.tlog
c:\users\lhw\downloads\세명컴퓨터고등학교 기능반\2019.03.10_기능경기대회(지방)_준비\release\pt.tlog\cl.write.1.tlog
c:\users\lhw\downloads\세명컴퓨터고등학교 기능반\2019.03.10_기능경기대회(지방)_준비\release\pt.tlog\link.command.1.tlog
c:\users\lhw\downloads\세명컴퓨터고등학교 기능반\2019.03.10_기능경기대회(지방)_준비\release\pt.tlog\link.read.1.tlog
c:\users\lhw\downloads\세명컴퓨터고등학교 기능반\2019.03.10_기능경기대회(지방)_준비\release\pt.tlog\link.write.1.tlog
c:\users\lhw\downloads\세명컴퓨터고등학교 기능반\2019.03.10_기능경기대회(지방)_준비\release\pt.tlog\rc.command.1.tlog
c:\users\lhw\downloads\세명컴퓨터고등학교 기능반\2019.03.10_기능경기대회(지방)_준비\release\pt.tlog\rc.read.1.tlog
c:\users\lhw\downloads\세명컴퓨터고등학교 기능반\2019.03.10_기능경기대회(지방)_준비\release\pt.tlog\rc.write.1.tlog
