  Bullet.cpp
c:\users\jsb\desktop\2019.03.10_기능경기대회(지방)_준비\bullet.cpp(35): warning C4244: '초기화 중': 'FLOAT'에서 'int'(으)로 변환하면서 데이터가 손실될 수 있습니다.
c:\users\jsb\desktop\2019.03.10_기능경기대회(지방)_준비\bullet.cpp(36): warning C4018: '>': signed 또는 unsigned가 일치하지 않습니다.
c:\users\jsb\desktop\2019.03.10_기능경기대회(지방)_준비\bullet.cpp(55): warning C4244: '인수': 'FLOAT'에서 'int'(으)로 변환하면서 데이터가 손실될 수 있습니다.
c:\users\jsb\desktop\2019.03.10_기능경기대회(지방)_준비\bullet.cpp(59): warning C4244: '인수': 'FLOAT'에서 'int'(으)로 변환하면서 데이터가 손실될 수 있습니다.
c:\users\jsb\desktop\2019.03.10_기능경기대회(지방)_준비\bullet.cpp(63): warning C4244: '인수': 'FLOAT'에서 'int'(으)로 변환하면서 데이터가 손실될 수 있습니다.
c:\users\jsb\desktop\2019.03.10_기능경기대회(지방)_준비\bullet.cpp(120): warning C4458: 'speed' 선언은 클래스 멤버를 숨깁니다.
  c:\users\jsb\desktop\2019.03.10_기능경기대회(지방)_준비\bullet.h(13): note: 'CBullet::speed' 선언을 참조하십시오.
  코드를 생성하고 있습니다...
  컴파일하고 있습니다...
  Trap.cpp
c:\users\jsb\desktop\2019.03.10_기능경기대회(지방)_준비\trap.cpp(9): warning C4244: '인수': 'FLOAT'에서 'int'(으)로 변환하면서 데이터가 손실될 수 있습니다.
  TitleScene.cpp
  Tile.cpp
  Texture.cpp
  Scene.cpp
  Player.cpp
c:\users\jsb\desktop\2019.03.10_기능경기대회(지방)_준비\player.cpp(33): warning C4244: '초기화 중': 'FLOAT'에서 'int'(으)로 변환하면서 데이터가 손실될 수 있습니다.
c:\users\jsb\desktop\2019.03.10_기능경기대회(지방)_준비\player.cpp(36): warning C4018: '>': signed 또는 unsigned가 일치하지 않습니다.
c:\users\jsb\desktop\2019.03.10_기능경기대회(지방)_준비\player.cpp(57): warning C4244: '인수': 'FLOAT'에서 'int'(으)로 변환하면서 데이터가 손실될 수 있습니다.
c:\users\jsb\desktop\2019.03.10_기능경기대회(지방)_준비\player.cpp(90): warning C4458: 'b' 선언은 클래스 멤버를 숨깁니다.
  c:\users\jsb\desktop\2019.03.10_기능경기대회(지방)_준비\matrix.h(12): note: 'CMatrix::b' 선언을 참조하십시오.
c:\users\jsb\desktop\2019.03.10_기능경기대회(지방)_준비\player.cpp(99): warning C4458: 'b' 선언은 클래스 멤버를 숨깁니다.
  c:\users\jsb\desktop\2019.03.10_기능경기대회(지방)_준비\matrix.h(12): note: 'CMatrix::b' 선언을 참조하십시오.
  Matrix.cpp
c:\users\jsb\desktop\2019.03.10_기능경기대회(지방)_준비\matrix.cpp(67): warning C4458: 'maxScene' 선언은 클래스 멤버를 숨깁니다.
  c:\users\jsb\desktop\2019.03.10_기능경기대회(지방)_준비\matrix.h(16): note: 'CMatrix::maxScene' 선언을 참조하십시오.
  Map.cpp
c:\users\jsb\desktop\2019.03.10_기능경기대회(지방)_준비\map.cpp(9): warning C4244: '=': 'int'에서 'FLOAT'(으)로 변환하면서 데이터가 손실될 수 있습니다.
c:\users\jsb\desktop\2019.03.10_기능경기대회(지방)_준비\map.cpp(12): warning C4244: '=': 'int'에서 'FLOAT'(으)로 변환하면서 데이터가 손실될 수 있습니다.
  Main.cpp
  Item.cpp
c:\users\jsb\desktop\2019.03.10_기능경기대회(지방)_준비\item.cpp(14): warning C4244: '인수': 'FLOAT'에서 'int'(으)로 변환하면서 데이터가 손실될 수 있습니다.
c:\users\jsb\desktop\2019.03.10_기능경기대회(지방)_준비\item.cpp(23): warning C4244: '인수': 'FLOAT'에서 'int'(으)로 변환하면서 데이터가 손실될 수 있습니다.
c:\users\jsb\desktop\2019.03.10_기능경기대회(지방)_준비\item.cpp(24): warning C4244: '인수': 'FLOAT'에서 'int'(으)로 변환하면서 데이터가 손실될 수 있습니다.
  GameScene.cpp
c:\users\jsb\desktop\2019.03.10_기능경기대회(지방)_준비\gamescene.cpp(103): warning C4244: '=': 'int'에서 'FLOAT'(으)로 변환하면서 데이터가 손실될 수 있습니다.
c:\users\jsb\desktop\2019.03.10_기능경기대회(지방)_준비\gamescene.cpp(113): warning C4244: '=': 'int'에서 'FLOAT'(으)로 변환하면서 데이터가 손실될 수 있습니다.
c:\users\jsb\desktop\2019.03.10_기능경기대회(지방)_준비\gamescene.cpp(314): warning C4244: '초기화 중': 'unsigned int'에서 'float'(으)로 변환하면서 데이터가 손실될 수 있습니다.
c:\users\jsb\desktop\2019.03.10_기능경기대회(지방)_준비\gamescene.cpp(321): warning C4389: '==': signed 또는 unsigned가 일치하지 않습니다.
c:\users\jsb\desktop\2019.03.10_기능경기대회(지방)_준비\gamescene.cpp(394): warning C4244: '=': 'unsigned int'에서 'float'(으)로 변환하면서 데이터가 손실될 수 있습니다.
c:\users\jsb\desktop\2019.03.10_기능경기대회(지방)_준비\gamescene.cpp(399): warning C4018: '<': signed 또는 unsigned가 일치하지 않습니다.
c:\users\jsb\desktop\2019.03.10_기능경기대회(지방)_준비\gamescene.cpp(408): warning C4018: '<': signed 또는 unsigned가 일치하지 않습니다.
c:\users\jsb\desktop\2019.03.10_기능경기대회(지방)_준비\gamescene.cpp(414): warning C4244: '초기화 중': 'FLOAT'에서 'int'(으)로 변환하면서 데이터가 손실될 수 있습니다.
c:\users\jsb\desktop\2019.03.10_기능경기대회(지방)_준비\gamescene.cpp(415): warning C4018: '>': signed 또는 unsigned가 일치하지 않습니다.
c:\users\jsb\desktop\2019.03.10_기능경기대회(지방)_준비\gamescene.cpp(438): warning C4018: '<': signed 또는 unsigned가 일치하지 않습니다.
c:\users\jsb\desktop\2019.03.10_기능경기대회(지방)_준비\gamescene.cpp(494): warning C4244: '초기화 중': 'FLOAT'에서 'int'(으)로 변환하면서 데이터가 손실될 수 있습니다.
c:\users\jsb\desktop\2019.03.10_기능경기대회(지방)_준비\gamescene.cpp(497): warning C4018: '>': signed 또는 unsigned가 일치하지 않습니다.
c:\users\jsb\desktop\2019.03.10_기능경기대회(지방)_준비\gamescene.cpp(720): warning C4018: '<': signed 또는 unsigned가 일치하지 않습니다.
  Game.cpp
  Enemy.cpp
c:\users\jsb\desktop\2019.03.10_기능경기대회(지방)_준비\enemy.cpp(54): warning C4244: '초기화 중': 'FLOAT'에서 'int'(으)로 변환하면서 데이터가 손실될 수 있습니다.
c:\users\jsb\desktop\2019.03.10_기능경기대회(지방)_준비\enemy.cpp(56): warning C4018: '>': signed 또는 unsigned가 일치하지 않습니다.
c:\users\jsb\desktop\2019.03.10_기능경기대회(지방)_준비\enemy.cpp(69): warning C4244: '인수': 'FLOAT'에서 'int'(으)로 변환하면서 데이터가 손실될 수 있습니다.
c:\users\jsb\desktop\2019.03.10_기능경기대회(지방)_준비\enemy.cpp(77): warning C4458: 'b' 선언은 클래스 멤버를 숨깁니다.
  c:\users\jsb\desktop\2019.03.10_기능경기대회(지방)_준비\matrix.h(12): note: 'CMatrix::b' 선언을 참조하십시오.
c:\users\jsb\desktop\2019.03.10_기능경기대회(지방)_준비\enemy.cpp(87): warning C4244: '인수': 'FLOAT'에서 'int'(으)로 변환하면서 데이터가 손실될 수 있습니다.
c:\users\jsb\desktop\2019.03.10_기능경기대회(지방)_준비\enemy.cpp(103): warning C4458: 'b' 선언은 클래스 멤버를 숨깁니다.
  c:\users\jsb\desktop\2019.03.10_기능경기대회(지방)_준비\matrix.h(12): note: 'CMatrix::b' 선언을 참조하십시오.
c:\users\jsb\desktop\2019.03.10_기능경기대회(지방)_준비\enemy.cpp(130): warning C4244: '인수': 'FLOAT'에서 'int'(으)로 변환하면서 데이터가 손실될 수 있습니다.
  EndingScene.cpp
  Effect.cpp
  Camera.cpp
c:\users\jsb\desktop\2019.03.10_기능경기대회(지방)_준비\camera.cpp(24): warning C4238: 비표준 확장이 사용됨: 클래스 rvalue를 lvalue로 사용했습니다.
  AssetManager.cpp
  코드를 생성하고 있습니다...
  PT_2008.vcxproj -> C:\Users\JSB\Desktop\2019.03.10_기능경기대회(지방)_준비\Debug\PT.exe
