  AssetManager.cpp
  CCamera.cpp
c:\users\jsb\desktop\지능 뚝딲\milktank\ccamera.cpp(21): warning C4238: 비표준 확장이 사용됨: 클래스 rvalue를 lvalue로 사용했습니다.
  CEndingScene.cpp
  CEnemy.cpp
  CGameScene.cpp
  CItem.cpp
c:\users\jsb\desktop\지능 뚝딲\milktank\citem.cpp(14): warning C4244: '인수': 'FLOAT'에서 'int'(으)로 변환하면서 데이터가 손실될 수 있습니다.
c:\users\jsb\desktop\지능 뚝딲\milktank\citem.cpp(23): warning C4244: '인수': 'FLOAT'에서 'int'(으)로 변환하면서 데이터가 손실될 수 있습니다.
c:\users\jsb\desktop\지능 뚝딲\milktank\citem.cpp(24): warning C4244: '인수': 'FLOAT'에서 'int'(으)로 변환하면서 데이터가 손실될 수 있습니다.
  CMap.cpp
c:\users\jsb\desktop\지능 뚝딲\milktank\cmap.cpp(9): warning C4244: '=': 'int'에서 'FLOAT'(으)로 변환하면서 데이터가 손실될 수 있습니다.
c:\users\jsb\desktop\지능 뚝딲\milktank\cmap.cpp(12): warning C4244: '=': 'int'에서 'FLOAT'(으)로 변환하면서 데이터가 손실될 수 있습니다.
  CMatrix.cpp
c:\users\jsb\desktop\지능 뚝딲\milktank\cmatrix.cpp(58): warning C4458: 'maxScene' 선언은 클래스 멤버를 숨깁니다.
  c:\users\jsb\desktop\지능 뚝딲\milktank\cmatrix.h(16): note: 'CMatrix::maxScene' 선언을 참조하십시오.
  CPlayer.cpp
c:\users\jsb\desktop\지능 뚝딲\milktank\cplayer.cpp(5): error C2512: 'CPlayer::ItemEffect': 사용할 수 있는 적절한 기본 생성자가 없습니다.
  c:\users\jsb\desktop\지능 뚝딲\milktank\cplayer.h(7): note: 'CPlayer::ItemEffect' 선언을 참조하십시오.
  CTexture.cpp
  CTile.cpp
  CTitleScene.cpp
  CTrap.cpp
c:\users\jsb\desktop\지능 뚝딲\milktank\ctrap.cpp(13): warning C4244: '인수': 'FLOAT'에서 'int'(으)로 변환하면서 데이터가 손실될 수 있습니다.
c:\users\jsb\desktop\지능 뚝딲\milktank\ctrap.cpp(12): warning C4244: '인수': 'FLOAT'에서 'int'(으)로 변환하면서 데이터가 손실될 수 있습니다.
c:\users\jsb\desktop\지능 뚝딲\milktank\ctrap.cpp(11): warning C4244: '인수': 'FLOAT'에서 'int'(으)로 변환하면서 데이터가 손실될 수 있습니다.
c:\users\jsb\desktop\지능 뚝딲\milktank\ctrap.cpp(10): warning C4244: '인수': 'FLOAT'에서 'int'(으)로 변환하면서 데이터가 손실될 수 있습니다.
  Game.cpp
  MilkTank.cpp
  코드를 생성하고 있습니다...
