  CGameScene.cpp
c:\users\user\desktop\mop\cgamescene.cpp(41): warning C4244: '=': 'int'에서 'FLOAT'(으)로 변환하면서 데이터가 손실될 수 있습니다.
c:\users\user\desktop\mop\cgamescene.cpp(72): warning C4244: '=': 'int'에서 'FLOAT'(으)로 변환하면서 데이터가 손실될 수 있습니다.
c:\users\user\desktop\mop\cgamescene.cpp(80): warning C4244: '=': 'int'에서 'FLOAT'(으)로 변환하면서 데이터가 손실될 수 있습니다.
c:\users\user\desktop\mop\cgamescene.cpp(88): warning C4244: '=': 'int'에서 'FLOAT'(으)로 변환하면서 데이터가 손실될 수 있습니다.
c:\users\user\desktop\mop\cgamescene.cpp(108): warning C4244: '=': 'unsigned int'에서 'FLOAT'(으)로 변환하면서 데이터가 손실될 수 있습니다.
c:\users\user\desktop\mop\cgamescene.cpp(178): warning C4156: 'delete' 배열 형식을 사용하지 않고 배열 식을 삭제했습니다. 배열 형식이 대체됩니다.
c:\users\user\desktop\mop\cgamescene.cpp(178): warning C4154: 배열 식을 삭제했습니다. 포인터로 변환이 제공됩니다.
c:\users\user\desktop\mop\cgamescene.cpp(240): warning C4244: '-=': 'float'에서 'int'(으)로 변환하면서 데이터가 손실될 수 있습니다.
c:\users\user\desktop\mop\cgamescene.cpp(241): warning C4244: '-=': 'float'에서 'int'(으)로 변환하면서 데이터가 손실될 수 있습니다.
c:\users\user\desktop\mop\cgamescene.cpp(315): warning C4018: '<': signed 또는 unsigned가 일치하지 않습니다.
c:\users\user\desktop\mop\cgamescene.cpp(520): warning C4244: '초기화 중': 'unsigned int'에서 'float'(으)로 변환하면서 데이터가 손실될 수 있습니다.
c:\users\user\desktop\mop\cgamescene.cpp(524): warning C4018: '>=': signed 또는 unsigned가 일치하지 않습니다.
c:\users\user\desktop\mop\cgamescene.cpp(573): warning C4456: 'entryPos' 선언은 이전 로컬 선언을 숨깁니다.
  c:\users\user\desktop\mop\cgamescene.cpp(527): note: 'entryPos' 선언을 참조하십시오.
c:\users\user\desktop\mop\cgamescene.cpp(593): warning C4018: '<': signed 또는 unsigned가 일치하지 않습니다.
c:\users\user\desktop\mop\cgamescene.cpp(630): warning C4244: '초기화 중': 'FLOAT'에서 'int'(으)로 변환하면서 데이터가 손실될 수 있습니다.
c:\users\user\desktop\mop\cgamescene.cpp(632): warning C4018: '<': signed 또는 unsigned가 일치하지 않습니다.
c:\users\user\desktop\mop\cgamescene.cpp(764): warning C4244: '+=': 'float'에서 'int'(으)로 변환하면서 데이터가 손실될 수 있습니다.
c:\users\user\desktop\mop\cgamescene.cpp(771): warning C4244: '+=': 'float'에서 'int'(으)로 변환하면서 데이터가 손실될 수 있습니다.
c:\users\user\desktop\mop\cgamescene.cpp(781): warning C4244: '-=': 'float'에서 'int'(으)로 변환하면서 데이터가 손실될 수 있습니다.
c:\users\user\desktop\mop\cgamescene.cpp(792): warning C4244: '+=': 'float'에서 'int'(으)로 변환하면서 데이터가 손실될 수 있습니다.
c:\users\user\desktop\mop\cgamescene.cpp(847): warning C4018: '>=': signed 또는 unsigned가 일치하지 않습니다.
c:\users\user\desktop\mop\cgamescene.cpp(1114): warning C4244: '인수': 'int'에서 'FLOAT'(으)로 변환하면서 데이터가 손실될 수 있습니다.
c:\users\user\desktop\mop\cgamescene.cpp(1181): warning C4244: '-=': 'float'에서 'int'(으)로 변환하면서 데이터가 손실될 수 있습니다.
c:\users\user\desktop\mop\cgamescene.cpp(1208): warning C4244: '+=': 'float'에서 'int'(으)로 변환하면서 데이터가 손실될 수 있습니다.
c:\users\user\desktop\mop\cgamescene.cpp(1209): warning C4244: '+=': 'float'에서 'int'(으)로 변환하면서 데이터가 손실될 수 있습니다.
c:\users\user\desktop\mop\cgamescene.cpp(1212): warning C4244: '+=': 'float'에서 'int'(으)로 변환하면서 데이터가 손실될 수 있습니다.
c:\users\user\desktop\mop\cgamescene.cpp(1224): warning C4456: 'tempScore' 선언은 이전 로컬 선언을 숨깁니다.
  c:\users\user\desktop\mop\cgamescene.cpp(1158): note: 'tempScore' 선언을 참조하십시오.
  MOP_2010.vcxproj -> C:\Users\user\Desktop\MOP\Debug\MOP.exe
